<?xml version="1.0" encoding="UTF-8"?>
<!-- Generated by org.testng.reporters.JUnitReportReporter -->
<testsuite hostname="ELPU92TMSS6A14W" name="junit.junit.test1Test" tests="2" failures="0" timestamp="29 Dec 2018 03:18:43 GMT" time="0.005" errors="0">
  <testcase name="main" time="0.002" classname="junit.junit.test1Test"/>
  <testcase name="main" time="0.003" classname="junit.junit.test1Test"/>
</testsuite> <!-- junit.junit.test1Test -->
