<?xml version="1.0" encoding="UTF-8"?>
<!-- Generated by org.testng.reporters.JUnitReportReporter -->
<testsuite hostname="ELPU92TMSS6A14W" name="selenium_demo1.demo9" tests="2" failures="0" timestamp="1 Mar 2019 03:28:58 GMT" time="16.455" errors="0">
  <testcase name="main" time="8.485" classname="selenium_demo1.demo9"/>
  <testcase name="main" time="7.970" classname="selenium_demo1.demo9"/>
</testsuite> <!-- selenium_demo1.demo9 -->
